This file contains any messages produced by compilers while
running configure, to aid debugging if configure makes a mistake.

It was created by gtk_windowwatcher configure 0.1, which was
generated by GNU Autoconf 2.63.  Invocation command line was

  $ /home/draco/Codes/windowwatcher/configure --enable-maintainer-mode --no-create --no-recursion

## --------- ##
## Platform. ##
## --------- ##

hostname = arginine
uname -m = x86_64
uname -r = 2.6.30.5-43.fc11.x86_64
uname -s = Linux
uname -v = #1 SMP Thu Aug 27 21:39:52 EDT 2009

/usr/bin/uname -p = unknown
/bin/uname -X     = unknown

/bin/arch              = x86_64
/usr/bin/arch -k       = unknown
/usr/convex/getsysinfo = unknown
/usr/bin/hostinfo      = unknown
/bin/machine           = unknown
/usr/bin/oslevel       = unknown
/bin/universe          = unknown

PATH: /usr/lib64/qt-3.3/bin
PATH: /usr/kerberos/bin
PATH: /usr/lib64/ccache
PATH: /usr/local/bin
PATH: /usr/bin
PATH: /bin
PATH: /usr/local/sbin
PATH: /usr/sbin
PATH: /sbin
PATH: /home/draco/bin


## ----------- ##
## Core tests. ##
## ----------- ##

configure:2082: checking for a BSD-compatible install
configure:2150: result: /usr/bin/install -c
configure:2161: checking whether build environment is sane
configure:2221: result: yes
configure:2362: checking for a thread-safe mkdir -p
configure:2401: result: /bin/mkdir -p
configure:2414: checking for gawk
configure:2430: found /usr/bin/gawk
configure:2441: result: gawk
configure:2452: checking whether make sets $(MAKE)
configure:2474: result: yes
configure:2559: checking whether to enable maintainer-specific portions of Makefiles
configure:2568: result: yes
configure:2594: checking for style of include used by make
configure:2622: result: GNU
configure:2692: checking for gcc
configure:2708: found /usr/lib64/ccache/gcc
configure:2719: result: gcc
configure:2951: checking for C compiler version
configure:2959: gcc --version >&5
gcc (GCC) 4.4.1 20090725 (Red Hat 4.4.1-2)
Copyright (C) 2009 Free Software Foundation, Inc.
This is free software; see the source for copying conditions.  There is NO
warranty; not even for MERCHANTABILITY or FITNESS FOR A PARTICULAR PURPOSE.

configure:2963: $? = 0
configure:2970: gcc -v >&5
Using built-in specs.
Target: x86_64-redhat-linux
Configured with: ../configure --prefix=/usr --mandir=/usr/share/man --infodir=/usr/share/info --with-bugurl=http://bugzilla.redhat.com/bugzilla --enable-bootstrap --enable-shared --enable-threads=posix --enable-checking=release --with-system-zlib --enable-__cxa_atexit --disable-libunwind-exceptions --enable-languages=c,c++,objc,obj-c++,java,fortran,ada --enable-java-awt=gtk --disable-dssi --enable-plugin --with-java-home=/usr/lib/jvm/java-1.5.0-gcj-1.5.0.0/jre --enable-libgcj-multifile --enable-java-maintainer-mode --with-ecj-jar=/usr/share/java/eclipse-ecj.jar --disable-libjava-multilib --with-ppl --with-cloog --with-tune=generic --with-arch_32=i586 --build=x86_64-redhat-linux
Thread model: posix
gcc version 4.4.1 20090725 (Red Hat 4.4.1-2) (GCC) 
configure:2974: $? = 0
configure:2981: gcc -V >&5
gcc: '-V' option must have argument
configure:2985: $? = 1
configure:3008: checking for C compiler default output file name
configure:3030: gcc    conftest.c  >&5
configure:3034: $? = 0
configure:3072: result: a.out
configure:3091: checking whether the C compiler works
configure:3101: ./a.out
configure:3105: $? = 0
configure:3124: result: yes
configure:3131: checking whether we are cross compiling
configure:3133: result: no
configure:3136: checking for suffix of executables
configure:3143: gcc -o conftest    conftest.c  >&5
configure:3147: $? = 0
configure:3173: result: 
configure:3179: checking for suffix of object files
configure:3205: gcc -c   conftest.c >&5
configure:3209: $? = 0
configure:3234: result: o
configure:3238: checking whether we are using the GNU C compiler
configure:3267: gcc -c   conftest.c >&5
configure:3274: $? = 0
configure:3291: result: yes
configure:3300: checking whether gcc accepts -g
configure:3330: gcc -c -g  conftest.c >&5
configure:3337: $? = 0
configure:3438: result: yes
configure:3455: checking for gcc option to accept ISO C89
configure:3529: gcc  -c -g -O2  conftest.c >&5
configure:3536: $? = 0
configure:3559: result: none needed
configure:3579: checking dependency style of gcc
configure:3689: result: gcc3
configure:3705: checking for library containing strerror
configure:3746: gcc -o conftest -g -O2   conftest.c  >&5
configure:3753: $? = 0
configure:3784: result: none required
configure:3840: checking for gcc
configure:3867: result: gcc
configure:4099: checking for C compiler version
configure:4107: gcc --version >&5
gcc (GCC) 4.4.1 20090725 (Red Hat 4.4.1-2)
Copyright (C) 2009 Free Software Foundation, Inc.
This is free software; see the source for copying conditions.  There is NO
warranty; not even for MERCHANTABILITY or FITNESS FOR A PARTICULAR PURPOSE.

configure:4111: $? = 0
configure:4118: gcc -v >&5
Using built-in specs.
Target: x86_64-redhat-linux
Configured with: ../configure --prefix=/usr --mandir=/usr/share/man --infodir=/usr/share/info --with-bugurl=http://bugzilla.redhat.com/bugzilla --enable-bootstrap --enable-shared --enable-threads=posix --enable-checking=release --with-system-zlib --enable-__cxa_atexit --disable-libunwind-exceptions --enable-languages=c,c++,objc,obj-c++,java,fortran,ada --enable-java-awt=gtk --disable-dssi --enable-plugin --with-java-home=/usr/lib/jvm/java-1.5.0-gcj-1.5.0.0/jre --enable-libgcj-multifile --enable-java-maintainer-mode --with-ecj-jar=/usr/share/java/eclipse-ecj.jar --disable-libjava-multilib --with-ppl --with-cloog --with-tune=generic --with-arch_32=i586 --build=x86_64-redhat-linux
Thread model: posix
gcc version 4.4.1 20090725 (Red Hat 4.4.1-2) (GCC) 
configure:4122: $? = 0
configure:4129: gcc -V >&5
gcc: '-V' option must have argument
configure:4133: $? = 1
configure:4136: checking whether we are using the GNU C compiler
configure:4189: result: yes
configure:4198: checking whether gcc accepts -g
configure:4336: result: yes
configure:4353: checking for gcc option to accept ISO C89
configure:4457: result: none needed
configure:4477: checking dependency style of gcc
configure:4587: result: gcc3
configure:4650: checking for gcc
configure:4677: result: gcc
configure:4909: checking for C compiler version
configure:4917: gcc --version >&5
gcc (GCC) 4.4.1 20090725 (Red Hat 4.4.1-2)
Copyright (C) 2009 Free Software Foundation, Inc.
This is free software; see the source for copying conditions.  There is NO
warranty; not even for MERCHANTABILITY or FITNESS FOR A PARTICULAR PURPOSE.

configure:4921: $? = 0
configure:4928: gcc -v >&5
Using built-in specs.
Target: x86_64-redhat-linux
Configured with: ../configure --prefix=/usr --mandir=/usr/share/man --infodir=/usr/share/info --with-bugurl=http://bugzilla.redhat.com/bugzilla --enable-bootstrap --enable-shared --enable-threads=posix --enable-checking=release --with-system-zlib --enable-__cxa_atexit --disable-libunwind-exceptions --enable-languages=c,c++,objc,obj-c++,java,fortran,ada --enable-java-awt=gtk --disable-dssi --enable-plugin --with-java-home=/usr/lib/jvm/java-1.5.0-gcj-1.5.0.0/jre --enable-libgcj-multifile --enable-java-maintainer-mode --with-ecj-jar=/usr/share/java/eclipse-ecj.jar --disable-libjava-multilib --with-ppl --with-cloog --with-tune=generic --with-arch_32=i586 --build=x86_64-redhat-linux
Thread model: posix
gcc version 4.4.1 20090725 (Red Hat 4.4.1-2) (GCC) 
configure:4932: $? = 0
configure:4939: gcc -V >&5
gcc: '-V' option must have argument
configure:4943: $? = 1
configure:4946: checking whether we are using the GNU C compiler
configure:4999: result: yes
configure:5008: checking whether gcc accepts -g
configure:5146: result: yes
configure:5163: checking for gcc option to accept ISO C89
configure:5267: result: none needed
configure:5287: checking dependency style of gcc
configure:5397: result: gcc3
configure:5420: checking how to run the C preprocessor
configure:5460: gcc -E  conftest.c
configure:5467: $? = 0
configure:5498: gcc -E  conftest.c
conftest.c:10:28: error: ac_nonexistent.h: No such file or directory
configure:5505: $? = 1
configure: failed program was:
| /* confdefs.h.  */
| #define PACKAGE_NAME "gtk_windowwatcher"
| #define PACKAGE_TARNAME "gtk_windowwatcher"
| #define PACKAGE_VERSION "0.1"
| #define PACKAGE_STRING "gtk_windowwatcher 0.1"
| #define PACKAGE_BUGREPORT ""
| #define PACKAGE "gtk_windowwatcher"
| #define VERSION "0.1"
| /* end confdefs.h.  */
| #include <ac_nonexistent.h>
configure:5538: result: gcc -E
configure:5567: gcc -E  conftest.c
configure:5574: $? = 0
configure:5605: gcc -E  conftest.c
conftest.c:10:28: error: ac_nonexistent.h: No such file or directory
configure:5612: $? = 1
configure: failed program was:
| /* confdefs.h.  */
| #define PACKAGE_NAME "gtk_windowwatcher"
| #define PACKAGE_TARNAME "gtk_windowwatcher"
| #define PACKAGE_VERSION "0.1"
| #define PACKAGE_STRING "gtk_windowwatcher 0.1"
| #define PACKAGE_BUGREPORT ""
| #define PACKAGE "gtk_windowwatcher"
| #define VERSION "0.1"
| /* end confdefs.h.  */
| #include <ac_nonexistent.h>
configure:5652: checking for grep that handles long lines and -e
configure:5712: result: /bin/grep
configure:5717: checking for egrep
configure:5781: result: /bin/grep -E
configure:5786: checking for ANSI C header files
configure:5816: gcc -c -g -O2  conftest.c >&5
configure:5823: $? = 0
configure:5922: gcc -o conftest -g -O2   conftest.c  >&5
configure:5926: $? = 0
configure:5932: ./conftest
configure:5936: $? = 0
configure:5954: result: yes
configure:6001: checking build system type
configure:6019: result: x86_64-unknown-linux-gnu
configure:6041: checking host system type
configure:6056: result: x86_64-unknown-linux-gnu
configure:6078: checking for a sed that does not truncate output
configure:6144: result: /bin/sed
configure:6162: checking for fgrep
configure:6226: result: /bin/grep -F
configure:6261: checking for ld used by gcc
configure:6328: result: /usr/bin/ld
configure:6337: checking if the linker (/usr/bin/ld) is GNU ld
configure:6352: result: yes
configure:6364: checking for BSD- or MS-compatible name lister (nm)
configure:6413: result: /usr/bin/nm -B
configure:6531: checking the name lister (/usr/bin/nm -B) interface
configure:6538: gcc -c -g -O2  conftest.c >&5
configure:6541: /usr/bin/nm -B "conftest.o"
configure:6544: output
0000000000000000 B some_variable
configure:6551: result: BSD nm
configure:6554: checking whether ln -s works
configure:6558: result: yes
configure:6566: checking the maximum length of command line arguments
configure:6686: result: 1966080
configure:6703: checking whether the shell understands some XSI constructs
configure:6713: result: yes
configure:6717: checking whether the shell understands "+="
configure:6723: result: yes
configure:6758: checking for /usr/bin/ld option to reload object files
configure:6765: result: -r
configure:6834: checking for objdump
configure:6850: found /usr/bin/objdump
configure:6861: result: objdump
configure:6893: checking how to recognize dependent libraries
configure:7089: result: pass_all
configure:7149: checking for ar
configure:7165: found /usr/bin/ar
configure:7176: result: ar
configure:7254: checking for strip
configure:7270: found /usr/bin/strip
configure:7281: result: strip
configure:7353: checking for ranlib
configure:7369: found /usr/bin/ranlib
configure:7380: result: ranlib
configure:7470: checking command to parse /usr/bin/nm -B output from gcc object
configure:7588: gcc -c -g -O2  conftest.c >&5
configure:7591: $? = 0
configure:7595: /usr/bin/nm -B conftest.o \| sed -n -e 's/^.*[	 ]\([ABCDGIRSTW][ABCDGIRSTW]*\)[	 ][	 ]*\([_A-Za-z][_A-Za-z0-9]*\)$/\1 \2 \2/p' \> conftest.nm
configure:7598: $? = 0
configure:7652: gcc -o conftest -g -O2   conftest.c conftstm.o >&5
configure:7655: $? = 0
configure:7693: result: ok
configure:7788: gcc -c -g -O2  conftest.c >&5
configure:7791: $? = 0
configure:8568: checking for sys/types.h
configure:8589: gcc -c -g -O2  conftest.c >&5
configure:8596: $? = 0
configure:8613: result: yes
configure:8568: checking for sys/stat.h
configure:8589: gcc -c -g -O2  conftest.c >&5
configure:8596: $? = 0
configure:8613: result: yes
configure:8568: checking for stdlib.h
configure:8589: gcc -c -g -O2  conftest.c >&5
configure:8596: $? = 0
configure:8613: result: yes
configure:8568: checking for string.h
configure:8589: gcc -c -g -O2  conftest.c >&5
configure:8596: $? = 0
configure:8613: result: yes
configure:8568: checking for memory.h
configure:8589: gcc -c -g -O2  conftest.c >&5
configure:8596: $? = 0
configure:8613: result: yes
configure:8568: checking for strings.h
configure:8589: gcc -c -g -O2  conftest.c >&5
configure:8596: $? = 0
configure:8613: result: yes
configure:8568: checking for inttypes.h
configure:8589: gcc -c -g -O2  conftest.c >&5
configure:8596: $? = 0
configure:8613: result: yes
configure:8568: checking for stdint.h
configure:8589: gcc -c -g -O2  conftest.c >&5
configure:8596: $? = 0
configure:8613: result: yes
configure:8568: checking for unistd.h
configure:8589: gcc -c -g -O2  conftest.c >&5
configure:8596: $? = 0
configure:8613: result: yes
configure:8631: checking for dlfcn.h
configure:8652: gcc -c -g -O2  conftest.c >&5
configure:8659: $? = 0
configure:8676: result: yes
configure:8862: checking for objdir
configure:8877: result: .libs
configure:9169: checking if gcc supports -fno-rtti -fno-exceptions
configure:9187: gcc -c -g -O2  -fno-rtti -fno-exceptions conftest.c >&5
cc1: warning: command line option "-fno-rtti" is valid for C++/ObjC++ but not for C
cc1: warning: command line option "-fno-rtti" is valid for C++/ObjC++ but not for C
configure:9191: $? = 0
configure:9204: result: no
configure:9224: checking for gcc option to produce PIC
configure:9496: result: -fPIC -DPIC
configure:9508: checking if gcc PIC flag -fPIC -DPIC works
configure:9526: gcc -c -g -O2  -fPIC -DPIC -DPIC conftest.c >&5
configure:9530: $? = 0
configure:9543: result: yes
configure:9567: checking if gcc static flag -static works
configure:9595: result: no
configure:9610: checking if gcc supports -c -o file.o
configure:9631: gcc -c -g -O2  -o out/conftest2.o conftest.c >&5
configure:9635: $? = 0
configure:9657: result: yes
configure:9665: checking if gcc supports -c -o file.o
configure:9712: result: yes
configure:9745: checking whether the gcc linker (/usr/bin/ld -m elf_x86_64) supports shared libraries
configure:10819: result: yes
configure:10856: checking whether -lc should be explicitly linked in
configure:10861: gcc -c -g -O2  conftest.c >&5
configure:10864: $? = 0
configure:10879: gcc -shared conftest.o  -v -Wl,-soname -Wl,conftest -o conftest 2\>\&1 \| /bin/grep  -lc  \>/dev/null 2\>\&1
configure:10882: $? = 0
configure:10894: result: no
configure:11058: checking dynamic linker characteristics
configure:11501: gcc -o conftest -g -O2   -Wl,-rpath -Wl,/foo conftest.c  >&5
configure:11508: $? = 0
configure:11744: result: GNU/Linux ld.so
configure:11846: checking how to hardcode library paths into programs
configure:11871: result: immediate
configure:12704: checking whether stripping libraries is possible
configure:12709: result: yes
configure:12744: checking if libtool supports shared libraries
configure:12746: result: yes
configure:12749: checking whether to build shared libraries
configure:12770: result: yes
configure:12773: checking whether to build static libraries
configure:12777: result: yes
configure:12864: checking for pkg-config
configure:12882: found /usr/bin/pkg-config
configure:12894: result: /usr/bin/pkg-config
configure:12919: checking pkg-config is at least version 0.9.0
configure:12922: result: yes
configure:12933: checking for GTK_WINDOWWATCHER
configure:12940: $PKG_CONFIG --exists --print-errors "gtk+-2.0 >= 2.8 libglade-2.0 >= 2.6.0 libwnck-1.0 >= 1.0"
configure:12943: $? = 0
configure:12956: $PKG_CONFIG --exists --print-errors "gtk+-2.0 >= 2.8 libglade-2.0 >= 2.6.0 libwnck-1.0 >= 1.0"
configure:12959: $? = 0
configure:13036: result: yes
configure:13191: creating ./config.status

## ---------------- ##
## Cache variables. ##
## ---------------- ##

ac_cv_build=x86_64-unknown-linux-gnu
ac_cv_c_compiler_gnu=yes
ac_cv_env_CC_set=
ac_cv_env_CC_value=
ac_cv_env_CFLAGS_set=
ac_cv_env_CFLAGS_value=
ac_cv_env_CPPFLAGS_set=
ac_cv_env_CPPFLAGS_value=
ac_cv_env_CPP_set=
ac_cv_env_CPP_value=
ac_cv_env_GTK_WINDOWWATCHER_CFLAGS_set=
ac_cv_env_GTK_WINDOWWATCHER_CFLAGS_value=
ac_cv_env_GTK_WINDOWWATCHER_LIBS_set=
ac_cv_env_GTK_WINDOWWATCHER_LIBS_value=
ac_cv_env_LDFLAGS_set=
ac_cv_env_LDFLAGS_value=
ac_cv_env_LIBS_set=
ac_cv_env_LIBS_value=
ac_cv_env_PKG_CONFIG_set=
ac_cv_env_PKG_CONFIG_value=
ac_cv_env_build_alias_set=
ac_cv_env_build_alias_value=
ac_cv_env_host_alias_set=
ac_cv_env_host_alias_value=
ac_cv_env_target_alias_set=
ac_cv_env_target_alias_value=
ac_cv_header_dlfcn_h=yes
ac_cv_header_inttypes_h=yes
ac_cv_header_memory_h=yes
ac_cv_header_stdc=yes
ac_cv_header_stdint_h=yes
ac_cv_header_stdlib_h=yes
ac_cv_header_string_h=yes
ac_cv_header_strings_h=yes
ac_cv_header_sys_stat_h=yes
ac_cv_header_sys_types_h=yes
ac_cv_header_unistd_h=yes
ac_cv_host=x86_64-unknown-linux-gnu
ac_cv_objext=o
ac_cv_path_EGREP='/bin/grep -E'
ac_cv_path_FGREP='/bin/grep -F'
ac_cv_path_GREP=/bin/grep
ac_cv_path_SED=/bin/sed
ac_cv_path_ac_pt_PKG_CONFIG=/usr/bin/pkg-config
ac_cv_path_install='/usr/bin/install -c'
ac_cv_path_mkdir=/bin/mkdir
ac_cv_prog_AWK=gawk
ac_cv_prog_CPP='gcc -E'
ac_cv_prog_ac_ct_AR=ar
ac_cv_prog_ac_ct_CC=gcc
ac_cv_prog_ac_ct_OBJDUMP=objdump
ac_cv_prog_ac_ct_RANLIB=ranlib
ac_cv_prog_ac_ct_STRIP=strip
ac_cv_prog_cc_c89=
ac_cv_prog_cc_g=yes
ac_cv_prog_make_make_set=yes
ac_cv_search_strerror='none required'
am_cv_CC_dependencies_compiler_type=gcc3
am_cv_prog_cc_stdc=
lt_cv_deplibs_check_method=pass_all
lt_cv_file_magic_cmd='$MAGIC_CMD'
lt_cv_file_magic_test_file=
lt_cv_ld_reload_flag=-r
lt_cv_nm_interface='BSD nm'
lt_cv_objdir=.libs
lt_cv_path_LD=/usr/bin/ld
lt_cv_path_NM='/usr/bin/nm -B'
lt_cv_prog_compiler_c_o=yes
lt_cv_prog_compiler_pic_works=yes
lt_cv_prog_compiler_rtti_exceptions=no
lt_cv_prog_compiler_static_works=no
lt_cv_prog_gnu_ld=yes
lt_cv_sys_global_symbol_pipe='sed -n -e '\''s/^.*[	 ]\([ABCDGIRSTW][ABCDGIRSTW]*\)[	 ][	 ]*\([_A-Za-z][_A-Za-z0-9]*\)$/\1 \2 \2/p'\'''
lt_cv_sys_global_symbol_to_c_name_address='sed -n -e '\''s/^: \([^ ]*\) $/  {\"\1\", (void *) 0},/p'\'' -e '\''s/^[ABCDGIRSTW]* \([^ ]*\) \([^ ]*\)$/  {"\2", (void *) \&\2},/p'\'''
lt_cv_sys_global_symbol_to_c_name_address_lib_prefix='sed -n -e '\''s/^: \([^ ]*\) $/  {\"\1\", (void *) 0},/p'\'' -e '\''s/^[ABCDGIRSTW]* \([^ ]*\) \(lib[^ ]*\)$/  {"\2", (void *) \&\2},/p'\'' -e '\''s/^[ABCDGIRSTW]* \([^ ]*\) \([^ ]*\)$/  {"lib\2", (void *) \&\2},/p'\'''
lt_cv_sys_global_symbol_to_cdecl='sed -n -e '\''s/^T .* \(.*\)$/extern int \1();/p'\'' -e '\''s/^[ABCDGIRSTW]* .* \(.*\)$/extern char \1;/p'\'''
lt_cv_sys_max_cmd_len=1966080
pkg_cv_GTK_WINDOWWATCHER_CFLAGS='-I/usr/include/gtk-2.0 -I/usr/lib64/gtk-2.0/include -I/usr/include/atk-1.0 -I/usr/include/cairo -I/usr/include/pango-1.0 -I/usr/include/glib-2.0 -I/usr/lib64/glib-2.0/include -I/usr/include/pixman-1 -I/usr/include/freetype2 -I/usr/include/libpng12 -I/usr/include/libglade-2.0 -I/usr/include/libxml2 -I/usr/include/libwnck-1.0 -I/usr/include/startup-notification-1.0  '
pkg_cv_GTK_WINDOWWATCHER_LIBS='-lglade-2.0 -lxml2 -lwnck-1 -lgtk-x11-2.0 -lgdk-x11-2.0 -latk-1.0 -lgio-2.0 -lpangoft2-1.0 -lgdk_pixbuf-2.0 -lpangocairo-1.0 -lcairo -lpango-1.0 -lfreetype -lfontconfig -lgobject-2.0 -lgmodule-2.0 -lglib-2.0  '

## ----------------- ##
## Output variables. ##
## ----------------- ##

ACLOCAL='${SHELL} /home/draco/Codes/windowwatcher/missing --run aclocal-1.11'
AMDEPBACKSLASH='\'
AMDEP_FALSE='#'
AMDEP_TRUE=''
AMTAR='${SHELL} /home/draco/Codes/windowwatcher/missing --run tar'
AR='ar'
AUTOCONF='${SHELL} /home/draco/Codes/windowwatcher/missing --run autoconf'
AUTOHEADER='${SHELL} /home/draco/Codes/windowwatcher/missing --run autoheader'
AUTOMAKE='${SHELL} /home/draco/Codes/windowwatcher/missing --run automake-1.11'
AWK='gawk'
CC='gcc'
CCDEPMODE='depmode=gcc3'
CFLAGS='-g -O2'
CPP='gcc -E'
CPPFLAGS=''
CYGPATH_W='echo'
DEFS='-DHAVE_CONFIG_H'
DEPDIR='.deps'
DSYMUTIL=''
DUMPBIN=''
ECHO_C=''
ECHO_N='-n'
ECHO_T=''
EGREP='/bin/grep -E'
EXEEXT=''
FGREP='/bin/grep -F'
GREP='/bin/grep'
GTK_WINDOWWATCHER_CFLAGS='-I/usr/include/gtk-2.0 -I/usr/lib64/gtk-2.0/include -I/usr/include/atk-1.0 -I/usr/include/cairo -I/usr/include/pango-1.0 -I/usr/include/glib-2.0 -I/usr/lib64/glib-2.0/include -I/usr/include/pixman-1 -I/usr/include/freetype2 -I/usr/include/libpng12 -I/usr/include/libglade-2.0 -I/usr/include/libxml2 -I/usr/include/libwnck-1.0 -I/usr/include/startup-notification-1.0  '
GTK_WINDOWWATCHER_LIBS='-lglade-2.0 -lxml2 -lwnck-1 -lgtk-x11-2.0 -lgdk-x11-2.0 -latk-1.0 -lgio-2.0 -lpangoft2-1.0 -lgdk_pixbuf-2.0 -lpangocairo-1.0 -lcairo -lpango-1.0 -lfreetype -lfontconfig -lgobject-2.0 -lgmodule-2.0 -lglib-2.0  '
INSTALL_DATA='${INSTALL} -m 644'
INSTALL_PROGRAM='${INSTALL}'
INSTALL_SCRIPT='${INSTALL}'
INSTALL_STRIP_PROGRAM='$(install_sh) -c -s'
LD='/usr/bin/ld -m elf_x86_64'
LDFLAGS=''
LIBOBJS=''
LIBS=''
LIBTOOL='$(SHELL) $(top_builddir)/libtool'
LIPO=''
LN_S='ln -s'
LTLIBOBJS=''
MAINT=''
MAINTAINER_MODE_FALSE='#'
MAINTAINER_MODE_TRUE=''
MAKEINFO='${SHELL} /home/draco/Codes/windowwatcher/missing --run makeinfo'
MKDIR_P='/bin/mkdir -p'
NM='/usr/bin/nm -B'
NMEDIT=''
OBJDUMP='objdump'
OBJEXT='o'
OTOOL64=''
OTOOL=''
PACKAGE='gtk_windowwatcher'
PACKAGE_BUGREPORT=''
PACKAGE_NAME='gtk_windowwatcher'
PACKAGE_STRING='gtk_windowwatcher 0.1'
PACKAGE_TARNAME='gtk_windowwatcher'
PACKAGE_VERSION='0.1'
PATH_SEPARATOR=':'
PKG_CONFIG='/usr/bin/pkg-config'
RANLIB='ranlib'
SED='/bin/sed'
SET_MAKE=''
SHELL='/bin/sh'
STRIP='strip'
VERSION='0.1'
ac_ct_CC='gcc'
ac_ct_DUMPBIN=''
am__EXEEXT_FALSE=''
am__EXEEXT_TRUE='#'
am__fastdepCC_FALSE='#'
am__fastdepCC_TRUE=''
am__include='include'
am__isrc=''
am__leading_dot='.'
am__quote=''
am__tar='${AMTAR} chof - "$$tardir"'
am__untar='${AMTAR} xf -'
bindir='${exec_prefix}/bin'
build='x86_64-unknown-linux-gnu'
build_alias=''
build_cpu='x86_64'
build_os='linux-gnu'
build_vendor='unknown'
datadir='${datarootdir}'
datarootdir='${prefix}/share'
docdir='${datarootdir}/doc/${PACKAGE_TARNAME}'
dvidir='${docdir}'
exec_prefix='${prefix}'
host='x86_64-unknown-linux-gnu'
host_alias=''
host_cpu='x86_64'
host_os='linux-gnu'
host_vendor='unknown'
htmldir='${docdir}'
includedir='${prefix}/include'
infodir='${datarootdir}/info'
install_sh='${SHELL} /home/draco/Codes/windowwatcher/install-sh'
libdir='${exec_prefix}/lib'
libexecdir='${exec_prefix}/libexec'
localedir='${datarootdir}/locale'
localstatedir='${prefix}/var'
lt_ECHO='echo'
mandir='${datarootdir}/man'
mkdir_p='/bin/mkdir -p'
oldincludedir='/usr/include'
pdfdir='${docdir}'
prefix='/usr/local'
program_transform_name='s,x,x,'
psdir='${docdir}'
sbindir='${exec_prefix}/sbin'
sharedstatedir='${prefix}/com'
sysconfdir='${prefix}/etc'
target_alias=''

## ----------- ##
## confdefs.h. ##
## ----------- ##

#define PACKAGE_NAME "gtk_windowwatcher"
#define PACKAGE_TARNAME "gtk_windowwatcher"
#define PACKAGE_VERSION "0.1"
#define PACKAGE_STRING "gtk_windowwatcher 0.1"
#define PACKAGE_BUGREPORT ""
#define PACKAGE "gtk_windowwatcher"
#define VERSION "0.1"
#define STDC_HEADERS 1
#define HAVE_SYS_TYPES_H 1
#define HAVE_SYS_STAT_H 1
#define HAVE_STDLIB_H 1
#define HAVE_STRING_H 1
#define HAVE_MEMORY_H 1
#define HAVE_STRINGS_H 1
#define HAVE_INTTYPES_H 1
#define HAVE_STDINT_H 1
#define HAVE_UNISTD_H 1
#define HAVE_DLFCN_H 1
#define LT_OBJDIR ".libs/"

configure: exit 0

## ---------------------- ##
## Running config.status. ##
## ---------------------- ##

This file was extended by gtk_windowwatcher config.status 0.1, which was
generated by GNU Autoconf 2.63.  Invocation command line was

  CONFIG_FILES    = 
  CONFIG_HEADERS  = 
  CONFIG_LINKS    = 
  CONFIG_COMMANDS = 
  $ ./config.status 

on arginine

config.status:993: creating Makefile
config.status:993: creating src/Makefile
config.status:993: creating config.h
config.status:1215: config.h is unchanged
config.status:1267: executing depfiles commands
config.status:1267: executing libtool commands
